<?xml version="1.0" encoding="utf-8"?>
<test-run id="2" testcasecount="4" result="Passed" total="4" passed="4" failed="0" inconclusive="0" skipped="0" asserts="0" engine-version="3.5.0.0" clr-version="4.0.30319.42000" start-time="2026-09-05 01:01:07Z" end-time="2026-09-05 01:01:09Z" duration="1.7146046">
  <test-suite type="TestSuite" id="1014" name="MazeRoller3D" fullname="MazeRoller3D" runstate="Runnable" testcasecount="4" result="Passed" start-time="2026-09-05 01:01:07Z" end-time="2026-09-05 01:01:09Z" duration="1.714605" total="4" passed="4" failed="0" inconclusive="0" skipped="0" asserts="0">
    <properties>
      <property name="platform" value="PlayMode" />
    </properties>
    <test-suite type="Assembly" id="1008" name="MazeRoller3D.PlayModeTests.dll" fullname="D:/Projects/Gamming App/MazeRoller3D/Library/ScriptAssemblies/MazeRoller3D.PlayModeTests.dll" runstate="Runnable" testcasecount="4" result="Passed" start-time="2026-09-05 01:01:07Z" end-time="2026-09-05 01:01:09Z" duration="1.711153" total="4" passed="4" failed="0" inconclusive="0" skipped="0" asserts="0">
      <properties>
        <property name="_PID" value="1580" />
        <property name="_APPDOMAIN" value="Unity Child Domain" />
        <property name="platform" value="PlayMode" />
        <property name="EditorOnly" value="False" />
      </properties>
      <test-suite type="TestSuite" id="1009" name="MazeRoller3D" fullname="MazeRoller3D" runstate="Runnable" testcasecount="4" result="Passed" start-time="2026-09-05 01:01:07Z" end-time="2026-09-05 01:01:09Z" duration="1.710894" total="4" passed="4" failed="0" inconclusive="0" skipped="0" asserts="0">
        <properties />
        <test-suite type="TestSuite" id="1010" name="PlayModeTests" fullname="MazeRoller3D.PlayModeTests" runstate="Runnable" testcasecount="4" result="Passed" start-time="2026-09-05 01:01:07Z" end-time="2026-09-05 01:01:09Z" duration="1.710746" total="4" passed="4" failed="0" inconclusive="0" skipped="0" asserts="0">
          <properties />
          <test-suite type="TestFixture" id="1001" name="LevelFlowPlayModeTests" fullname="MazeRoller3D.PlayModeTests.LevelFlowPlayModeTests" classname="MazeRoller3D.PlayModeTests.LevelFlowPlayModeTests" runstate="Runnable" testcasecount="2" result="Passed" start-time="2026-09-05 01:01:07Z" end-time="2026-09-05 01:01:08Z" duration="1.124592" total="2" passed="2" failed="0" inconclusive="0" skipped="0" asserts="0">
            <properties />
            <test-case id="1002" name="BallEnteringExitTrigger_CompletesLevelAndDisablesBallControl" fullname="MazeRoller3D.PlayModeTests.LevelFlowPlayModeTests.BallEnteringExitTrigger_CompletesLevelAndDisablesBallControl" methodname="BallEnteringExitTrigger_CompletesLevelAndDisablesBallControl" classname="MazeRoller3D.PlayModeTests.LevelFlowPlayModeTests" runstate="Runnable" seed="1813179387" result="Passed" start-time="2026-09-05 01:01:07Z" end-time="2026-09-05 01:01:08Z" duration="0.507628" asserts="0">
              <properties>
                <property name="_JOINTYPE" value="UnityCombinatorial" />
                <property name="retryIteration" value="0" />
                <property name="repeatIteration" value="0" />
              </properties>
            </test-case>
            <test-case id="1003" name="CompletingASelectedLevel_RecordsStarsAndTimeToProgressService" fullname="MazeRoller3D.PlayModeTests.LevelFlowPlayModeTests.CompletingASelectedLevel_RecordsStarsAndTimeToProgressService" methodname="CompletingASelectedLevel_RecordsStarsAndTimeToProgressService" classname="MazeRoller3D.PlayModeTests.LevelFlowPlayModeTests" runstate="Runnable" seed="29402111" result="Passed" start-time="2026-09-05 01:01:08Z" end-time="2026-09-05 01:01:08Z" duration="0.608728" asserts="0">
              <properties>
                <property name="_JOINTYPE" value="UnityCombinatorial" />
                <property name="retryIteration" value="0" />
                <property name="repeatIteration" value="0" />
              </properties>
              <output><![CDATA[InAppPurchasing: IStoreService.Connect called without a callback defined for IStoreService.OnStoreConnected.
InAppPurchasing: IStoreService.Connect called without a callback defined for IStoreService.OnStoreDisconnected.
InAppPurchasing: IPurchaseService.FetchPurchases called without a callback defined for IPurchaseService.OnPurchasesFetchFailed.
]]></output>
            </test-case>
          </test-suite>
          <test-suite type="TestFixture" id="1004" name="LevelSelectSettingsButtonPlayModeTests" fullname="MazeRoller3D.PlayModeTests.LevelSelectSettingsButtonPlayModeTests" classname="MazeRoller3D.PlayModeTests.LevelSelectSettingsButtonPlayModeTests" runstate="Runnable" testcasecount="1" result="Passed" start-time="2026-09-05 01:01:08Z" end-time="2026-09-05 01:01:09Z" duration="0.577888" total="1" passed="1" failed="0" inconclusive="0" skipped="0" asserts="0">
            <properties />
            <test-case id="1005" name="SettingsButton_RespondsToASimulatedRealClick" fullname="MazeRoller3D.PlayModeTests.LevelSelectSettingsButtonPlayModeTests.SettingsButton_RespondsToASimulatedRealClick" methodname="SettingsButton_RespondsToASimulatedRealClick" classname="MazeRoller3D.PlayModeTests.LevelSelectSettingsButtonPlayModeTests" runstate="Runnable" seed="1234517981" result="Passed" start-time="2026-09-05 01:01:08Z" end-time="2026-09-05 01:01:09Z" duration="0.576841" asserts="0">
              <properties>
                <property name="_JOINTYPE" value="UnityCombinatorial" />
                <property name="retryIteration" value="0" />
                <property name="repeatIteration" value="0" />
              </properties>
              <output><![CDATA[[Ads] ShowBanner (NoOpAdsService placeholder - see its doc comment).
]]></output>
            </test-case>
          </test-suite>
          <test-suite type="TestFixture" id="1006" name="SafeAreaFitterPlayModeTests" fullname="MazeRoller3D.PlayModeTests.SafeAreaFitterPlayModeTests" classname="MazeRoller3D.PlayModeTests.SafeAreaFitterPlayModeTests" runstate="Runnable" testcasecount="1" result="Passed" start-time="2026-09-05 01:01:09Z" end-time="2026-09-05 01:01:09Z" duration="0.007359" total="1" passed="1" failed="0" inconclusive="0" skipped="0" asserts="0">
            <properties />
            <test-case id="1007" name="ButtonInsideSafeArea_EndsUpWithNonZeroSize" fullname="MazeRoller3D.PlayModeTests.SafeAreaFitterPlayModeTests.ButtonInsideSafeArea_EndsUpWithNonZeroSize" methodname="ButtonInsideSafeArea_EndsUpWithNonZeroSize" classname="MazeRoller3D.PlayModeTests.SafeAreaFitterPlayModeTests" runstate="Runnable" seed="678006883" result="Passed" start-time="2026-09-05 01:01:09Z" end-time="2026-09-05 01:01:09Z" duration="0.002560" asserts="0">
              <properties>
                <property name="_JOINTYPE" value="UnityCombinatorial" />
                <property name="retryIteration" value="0" />
                <property name="repeatIteration" value="0" />
              </properties>
              <output><![CDATA[Saving results to: C:/Users/ahmed/AppData/LocalLow/DefaultCompany/MazeRoller3D\TestResults.xml
]]></output>
            </test-case>
          </test-suite>
        </test-suite>
      </test-suite>
    </test-suite>
  </test-suite>
</test-run>